<?xml version="1.0" encoding="UTF-8"?>
<testng-results ignored="0" total="1" passed="1" failed="0" skipped="0">
  <reporter-output>
  </reporter-output>
  <suite started-at="2025-04-07T14:15:51 PDT" name="Suite" finished-at="2025-04-07T14:16:20 PDT" duration-ms="28832">
    <groups>
    </groups>
    <test started-at="2025-04-07T14:15:51 PDT" name="Test" finished-at="2025-04-07T14:16:20 PDT" duration-ms="28832">
      <class name="maven_project.maven_package.testng_maven">
        <test-method signature="testcase1()[pri:0, instance:maven_project.maven_package.testng_maven@1cbbffcd]" started-at="2025-04-07T14:15:51 PDT" name="testcase1" finished-at="2025-04-07T14:16:20 PDT" duration-ms="28714" status="PASS">
          <reporter-output>
          </reporter-output>
        </test-method> <!-- testcase1 -->
      </class> <!-- maven_project.maven_package.testng_maven -->
    </test> <!-- Test -->
  </suite> <!-- Suite -->
</testng-results>
