<?xml version="1.0" encoding="UTF-8"?>
<testng-results ignored="0" total="1" passed="1" failed="0" skipped="0">
  <reporter-output>
  </reporter-output>
  <suite started-at="2025-04-07T14:13:41 PDT" name="Default suite" finished-at="2025-04-07T14:14:07 PDT" duration-ms="25566">
    <groups>
    </groups>
    <test started-at="2025-04-07T14:13:41 PDT" name="Default test" finished-at="2025-04-07T14:14:07 PDT" duration-ms="25566">
      <class name="maven_project.maven_package.testng_maven">
        <test-method signature="testcase1()[pri:0, instance:maven_project.maven_package.testng_maven@16ec5519]" started-at="2025-04-07T14:13:41 PDT" name="testcase1" finished-at="2025-04-07T14:14:07 PDT" duration-ms="25448" status="PASS">
          <reporter-output>
          </reporter-output>
        </test-method> <!-- testcase1 -->
      </class> <!-- maven_project.maven_package.testng_maven -->
    </test> <!-- Default test -->
  </suite> <!-- Default suite -->
</testng-results>
